<?xml version="1.0" encoding="UTF-8"?>
<testsuite xmlns:xsi="http://www.w3.org/2001/XMLSchema-instance" xsi:noNamespaceSchemaLocation="https://maven.apache.org/surefire/maven-surefire-plugin/xsd/surefire-test-report-3.0.xsd" version="3.0" name="com.techchallenge.restaurant.api.findfood.FindfoodApplicationTests" time="6.808" tests="1" errors="0" skipped="0" failures="0">
  <properties>
[...]
</properties>
  <testcase name="contextLoads" classname="com.techchallenge.restaurant.api.findfood.FindfoodApplicationTests" time="0.595">
    <system-out><![CDATA[23:54:41.612 [main] INFO org.springframework.test.context.support.AnnotationConfigContextLoaderUtils -- Could not detect default configuration classes for test class [com.techchallenge.restaurant.api.findfood.FindfoodApplicationTests]: FindfoodApplicationTests does not declare any static, non-private, non-final, nested classes annotated with @Configuration.
23:54:41.737 [main] INFO org.springframework.boot.test.context.SpringBootTestContextBootstrapper -- Found @SpringBootConfiguration com.techchallenge.restaurant.api.findfood.FindfoodApplication for test class com.techchallenge.restaurant.api.findfood.FindfoodApplicationTests

  .   ____          _            __ _ _
 /\\ / ___'_ __ _ _(_)_ __  __ _ \ \ \ \
( ( )\___ | '_ | '_| | '_ \/ _` | \ \ \ \
 \\/  ___)| |_)| | | | | || (_| |  ) ) ) )
  '  |____| .__|_| |_|_| |_\__, | / / / /
 =========|_|==============|___/=/_/_/_/
 :: Spring Boot ::                (v3.1.5)

2024-03-03T23:54:42.222-03:00  INFO 12517 --- [           main] c.t.r.a.f.FindfoodApplicationTests       : Starting FindfoodApplicationTests using Java 17.0.10 with PID 12517 (started by jefferson in /home/jefferson/lab/docker/backend/findfoodback)
2024-03-03T23:54:42.223-03:00  INFO 12517 --- [           main] c.t.r.a.f.FindfoodApplicationTests       : No active profile set, falling back to 1 default profile: "default"
2024-03-03T23:54:43.179-03:00  INFO 12517 --- [           main] .s.d.r.c.RepositoryConfigurationDelegate : Bootstrapping Spring Data JPA repositories in DEFAULT mode.
2024-03-03T23:54:43.249-03:00  INFO 12517 --- [           main] .s.d.r.c.RepositoryConfigurationDelegate : Finished Spring Data repository scanning in 60 ms. Found 3 JPA repository interfaces.
2024-03-03T23:54:43.806-03:00  INFO 12517 --- [           main] o.hibernate.jpa.internal.util.LogHelper  : HHH000204: Processing PersistenceUnitInfo [name: default]
2024-03-03T23:54:43.865-03:00  INFO 12517 --- [           main] org.hibernate.Version                    : HHH000412: Hibernate ORM core version 6.2.13.Final
2024-03-03T23:54:43.868-03:00  INFO 12517 --- [           main] org.hibernate.cfg.Environment            : HHH000406: Using bytecode reflection optimizer
2024-03-03T23:54:44.162-03:00  INFO 12517 --- [           main] o.s.o.j.p.SpringPersistenceUnitInfo      : No LoadTimeWeaver setup: ignoring JPA class transformer
2024-03-03T23:54:44.186-03:00  INFO 12517 --- [           main] com.zaxxer.hikari.HikariDataSource       : HikariPool-1 - Starting...
2024-03-03T23:54:44.447-03:00  INFO 12517 --- [           main] com.zaxxer.hikari.pool.HikariPool        : HikariPool-1 - Added connection org.postgresql.jdbc.PgConnection@374c3975
2024-03-03T23:54:44.450-03:00  INFO 12517 --- [           main] com.zaxxer.hikari.HikariDataSource       : HikariPool-1 - Start completed.
2024-03-03T23:54:44.489-03:00  WARN 12517 --- [           main] org.hibernate.orm.deprecation            : HHH90000025: PostgreSQLDialect does not need to be specified explicitly using 'hibernate.dialect' (remove the property setting and it will be selected by default)
2024-03-03T23:54:45.390-03:00  INFO 12517 --- [           main] o.h.m.i.EntityInstantiatorPojoStandard   : HHH000182: No default (no-argument) constructor for class: com.techchallenge.restaurant.api.findfood.entities.Avaliacao (class must be instantiated by Interceptor)
2024-03-03T23:54:45.602-03:00  INFO 12517 --- [           main] o.h.e.t.j.p.i.JtaPlatformInitiator       : HHH000489: No JTA platform available (set 'hibernate.transaction.jta.platform' to enable JTA platform integration)
2024-03-03T23:54:45.626-03:00  WARN 12517 --- [           main] o.h.engine.jdbc.spi.SqlExceptionHelper   : SQL Warning Code: 0, SQLState: 00000
2024-03-03T23:54:45.627-03:00  WARN 12517 --- [           main] o.h.engine.jdbc.spi.SqlExceptionHelper   : relation "tb_avaliacao" does not exist, skipping
2024-03-03T23:54:45.628-03:00  WARN 12517 --- [           main] o.h.engine.jdbc.spi.SqlExceptionHelper   : SQL Warning Code: 0, SQLState: 00000
2024-03-03T23:54:45.628-03:00  WARN 12517 --- [           main] o.h.engine.jdbc.spi.SqlExceptionHelper   : relation "tb_restaurante" does not exist, skipping
2024-03-03T23:54:45.629-03:00  WARN 12517 --- [           main] o.h.engine.jdbc.spi.SqlExceptionHelper   : SQL Warning Code: 0, SQLState: 00000
2024-03-03T23:54:45.629-03:00  WARN 12517 --- [           main] o.h.engine.jdbc.spi.SqlExceptionHelper   : table "tb_avaliacao" does not exist, skipping
2024-03-03T23:54:45.630-03:00  WARN 12517 --- [           main] o.h.engine.jdbc.spi.SqlExceptionHelper   : SQL Warning Code: 0, SQLState: 00000
2024-03-03T23:54:45.630-03:00  WARN 12517 --- [           main] o.h.engine.jdbc.spi.SqlExceptionHelper   : table "tb_restaurante" does not exist, skipping
2024-03-03T23:54:45.631-03:00  WARN 12517 --- [           main] o.h.engine.jdbc.spi.SqlExceptionHelper   : SQL Warning Code: 0, SQLState: 00000
2024-03-03T23:54:45.632-03:00  WARN 12517 --- [           main] o.h.engine.jdbc.spi.SqlExceptionHelper   : sequence "tb_avaliacao_seq" does not exist, skipping
2024-03-03T23:54:45.633-03:00  WARN 12517 --- [           main] o.h.engine.jdbc.spi.SqlExceptionHelper   : SQL Warning Code: 0, SQLState: 00000
2024-03-03T23:54:45.634-03:00  WARN 12517 --- [           main] o.h.engine.jdbc.spi.SqlExceptionHelper   : sequence "tb_restaurante_seq" does not exist, skipping
2024-03-03T23:54:45.679-03:00  INFO 12517 --- [           main] j.LocalContainerEntityManagerFactoryBean : Initialized JPA EntityManagerFactory for persistence unit 'default'
2024-03-03T23:54:46.291-03:00  WARN 12517 --- [           main] JpaBaseConfiguration$JpaWebConfiguration : spring.jpa.open-in-view is enabled by default. Therefore, database queries may be performed during view rendering. Explicitly configure spring.jpa.open-in-view to disable this warning
2024-03-03T23:54:47.623-03:00  INFO 12517 --- [           main] c.t.r.a.f.FindfoodApplicationTests       : Started FindfoodApplicationTests in 5.71 seconds (process running for 6.783)
]]></system-out>
  </testcase>
</testsuite>